Exception at PC 0x00007FFD6F28A799
Exception at PC 0x00007FFD6F28A799
Exception at PC 0x00007FFD6F28A799
Exception at PC 0x00007FFD6F28A799
Exception at PC 0x00007FFD6F28A799
Exception at PC 0x00007FFD6F28A799
Exception at PC 0x00007FFD6F28A799
Exception at PC 0x00007FFD6F28A799
Exception at PC 0x00007FFCDF8BE132
Attemped to write at address 0x00007FFD23E74AA4
Printing stacktrace...

[0]  [0x00007FFCDF8BE132]
[1]  [0x00007FFCDF8BE132]
[2]  [0x00007FFCDF8BE194]
[3]  [0x00007FFCDF50D0D7]
[4]  [0x00007FFCDF3F2BCA]
[5]  [0x00007FFCDF3F2FD1]
[6]  [0x00007FFCDF8BEB2F]
[7]  [0x00007FFCDF77C19D]
[8]  [0x00007FFCDF775942]
[9]  [0x00007FFCDF775AB5]
[10] (RtlActivateActivationContextUnsafeFast+0x121) [0x00007FFD72285021]
[11] (LdrShutdownProcess+0x132) [0x00007FFD722CAA82]
[12] (RtlExitUserProcess+0xad) [0x00007FFD722CA92D]
[13] (ExitProcess+0xa) [0x00007FFD71AACD8A]
[14] (exit+0x85) [0x00007FFD7068A245]
[15] (initterm_e+0x245) [0x00007FFD7068A8B5]
[16]  [0x00000000004014CD]
[17]  [0x000000000040151B]
[18] (BaseThreadInitThunk+0x14) [0x00007FFD71AA7BD4]
[19] (RtlUserThreadStart+0x21) [0x00007FFD722CCE51]
Done
